<?xml version="1.0" encoding="UTF-8"?>
<!-- Generated by org.testng.reporters.JUnitReportReporter -->
<testsuite hostname="LTIN619038" failures="0" tests="3" name="runners.TestRunner" time="79.130" errors="1" timestamp="2025-10-17T10:18:52 IST" skipped="0">
  <testcase classname="runners.TestRunner" name="runScenario" time="21.339"/>
  <testcase classname="runners.TestRunner" name="runScenario" time="13.767"/>
  <testcase classname="runners.TestRunner" name="runScenario" time="44.024">
    <error message="Expected condition failed: waiting for visibility of [[ChromeDriver: chrome on windows (d1ea572f92b92b94ac78b121e2e9fd37)] -&gt; id: CompanyName] (tried for 10 second(s) with 500 milliseconds interval)
Build info: version: &#039;4.21.0&#039;, revision: &#039;79ed462ef4&#039;
System info: os.name: &#039;Windows 11&#039;, os.arch: &#039;amd64&#039;, os.version: &#039;10.0&#039;, java.version: &#039;21.0.6&#039;
Driver info: org.openqa.selenium.chrome.ChromeDriver
Capabilities {acceptInsecureCerts: false, browserName: chrome, browserVersion: 140.0.7339.186, chrome: {chromedriverVersion: 140.0.7339.207 (17230b545fd..., userDataDir: C:\Users\2430655\AppData\Lo...}, fedcm:accounts: true, goog:chromeOptions: {debuggerAddress: localhost:63208}, networkConnectionEnabled: false, pageLoadStrategy: normal, platformName: windows, proxy: Proxy(), se:cdp: ws://localhost:63208/devtoo..., se:cdpVersion: 140.0.7339.186, setWindowRect: true, strictFileInteractability: false, timeouts: {implicit: 0, pageLoad: 300000, script: 30000}, unhandledPromptBehavior: dismiss and notify, webauthn:extension:credBlob: true, webauthn:extension:largeBlob: true, webauthn:extension:minPinLength: true, webauthn:extension:prf: true, webauthn:virtualAuthenticators: true}
Session ID: d1ea572f92b92b94ac78b121e2e9fd37" type="org.openqa.selenium.TimeoutException">
      <![CDATA[org.openqa.selenium.TimeoutException: Expected condition failed: waiting for visibility of [[ChromeDriver: chrome on windows (d1ea572f92b92b94ac78b121e2e9fd37)] -> id: CompanyName] (tried for 10 second(s) with 500 milliseconds interval)
Build info: version: '4.21.0', revision: '79ed462ef4'
System info: os.name: 'Windows 11', os.arch: 'amd64', os.version: '10.0', java.version: '21.0.6'
Driver info: org.openqa.selenium.chrome.ChromeDriver
Capabilities {acceptInsecureCerts: false, browserName: chrome, browserVersion: 140.0.7339.186, chrome: {chromedriverVersion: 140.0.7339.207 (17230b545fd..., userDataDir: C:\Users\2430655\AppData\Lo...}, fedcm:accounts: true, goog:chromeOptions: {debuggerAddress: localhost:63208}, networkConnectionEnabled: false, pageLoadStrategy: normal, platformName: windows, proxy: Proxy(), se:cdp: ws://localhost:63208/devtoo..., se:cdpVersion: 140.0.7339.186, setWindowRect: true, strictFileInteractability: false, timeouts: {implicit: 0, pageLoad: 300000, script: 30000}, unhandledPromptBehavior: dismiss and notify, webauthn:extension:credBlob: true, webauthn:extension:largeBlob: true, webauthn:extension:minPinLength: true, webauthn:extension:prf: true, webauthn:virtualAuthenticators: true}
Session ID: d1ea572f92b92b94ac78b121e2e9fd37
at org.openqa.selenium.support.ui.WebDriverWait.timeoutException(WebDriverWait.java:84)
at org.openqa.selenium.support.ui.FluentWait.until(FluentWait.java:228)
at main.EGHInsurance_Page.waitForElementToBeReady(EGHInsurance_Page.java:64)
at main.EGHInsurance_Page.enterText(EGHInsurance_Page.java:75)
at main.EGHInsurance_Page.enterCompanyName(EGHInsurance_Page.java:152)
at stepdefinitions.EGHInsuranceSteps.user_enters_company_name(EGHInsuranceSteps.java:67)
at âœ½.the user enters company name "CTS"(file:///C:/Users/2430655/Downloads/PolicyBazar_Atomation-master%20(3)%202%20(1)/PolicyBazar_Atomation-master%20(3)/PolicyBazar_Atomation-master/PolicyBazar_Atomation-master/./src/test/resources/features/EGHlInsurance.feature:15)
]]>
    </error>
  </testcase> <!-- runScenario -->
</testsuite> <!-- runners.TestRunner -->
